<?xml version="1.0" encoding="UTF-8"?>
<testng-results skipped="0" failed="0" ignored="0" total="1" passed="1">
  <reporter-output>
  </reporter-output>
  <suite name="Default suite" duration-ms="60011" started-at="2020-05-27T11:56:17Z" finished-at="2020-05-27T11:57:17Z">
    <groups>
    </groups>
    <test name="Default test" duration-ms="60011" started-at="2020-05-27T11:56:17Z" finished-at="2020-05-27T11:57:17Z">
      <class name="test.TestSampleHtml">
        <test-method status="PASS" signature="OpenBrowser()[pri:0, instance:test.TestSampleHtml@4678c730]" name="OpenBrowser" is-config="true" duration-ms="30482" started-at="2020-05-27T11:56:17Z" finished-at="2020-05-27T11:56:47Z">
          <reporter-output>
          </reporter-output>
        </test-method> <!-- OpenBrowser -->
        <test-method status="PASS" signature="run()[pri:0, instance:test.TestSampleHtml@4678c730]" name="run" duration-ms="22454" started-at="2020-05-27T11:56:48Z" finished-at="2020-05-27T11:57:10Z">
          <reporter-output>
          </reporter-output>
        </test-method> <!-- run -->
        <test-method status="PASS" signature="closethis()[pri:0, instance:test.TestSampleHtml@4678c730]" name="closethis" is-config="true" duration-ms="6858" started-at="2020-05-27T11:57:10Z" finished-at="2020-05-27T11:57:17Z">
          <reporter-output>
          </reporter-output>
        </test-method> <!-- closethis -->
      </class> <!-- test.TestSampleHtml -->
    </test> <!-- Default test -->
  </suite> <!-- Default suite -->
</testng-results>
